<?xml version="1.0" encoding="UTF-8"?>
<testsuite xmlns:xsi="http://www.w3.org/2001/XMLSchema-instance" xsi:noNamespaceSchemaLocation="https://maven.apache.org/surefire/maven-surefire-plugin/xsd/surefire-test-report.xsd" name="InjectedTest" time="0.782" tests="5" errors="5" skipped="0" failures="0">
  <properties>
[...]
</properties>
  <testcase name="initializationError" classname="InjectedTest" time="0">
    <error type="java.lang.ExceptionInInitializerError"><![CDATA[java.lang.ExceptionInInitializerError
	at hudson.model.Node$Mode.<clinit>(Node.java:551)
	at sun.reflect.NativeMethodAccessorImpl.invoke0(Native Method)
	at sun.reflect.NativeMethodAccessorImpl.invoke(NativeMethodAccessorImpl.java:62)
	at sun.reflect.DelegatingMethodAccessorImpl.invoke(DelegatingMethodAccessorImpl.java:43)
	at java.lang.reflect.Method.invoke(Method.java:498)
	at java.lang.Class.getEnumConstantsShared(Class.java:3320)
	at java.lang.Class.getEnumConstants(Class.java:3297)
	at jenkins.model.Jenkins.<clinit>(Jenkins.java:4805)
	at hudson.PluginManager.<clinit>(PluginManager.java:1837)
	at org.jvnet.hudson.test.HudsonTestCase.<init>(HudsonTestCase.java:253)
	at org.jvnet.hudson.test.JellyTestSuiteBuilder$JellyTestSuite$1.<init>(JellyTestSuiteBuilder.java:139)
	at org.jvnet.hudson.test.JellyTestSuiteBuilder$JellyTestSuite.<init>(JellyTestSuiteBuilder.java:139)
	at org.jvnet.hudson.test.JellyTestSuiteBuilder$JellyTestSuite.<init>(JellyTestSuiteBuilder.java:138)
	at org.jvnet.hudson.test.JellyTestSuiteBuilder.build(JellyTestSuiteBuilder.java:80)
	at org.jvnet.hudson.test.PluginAutomaticTestBuilder.build(PluginAutomaticTestBuilder.java:63)
	at InjectedTest.suite(InjectedTest.java:17)
	at sun.reflect.NativeMethodAccessorImpl.invoke0(Native Method)
	at sun.reflect.NativeMethodAccessorImpl.invoke(NativeMethodAccessorImpl.java:62)
	at sun.reflect.DelegatingMethodAccessorImpl.invoke(DelegatingMethodAccessorImpl.java:43)
	at java.lang.reflect.Method.invoke(Method.java:498)
	at org.junit.internal.runners.SuiteMethod.testFromSuiteMethod(SuiteMethod.java:35)
	at org.junit.internal.runners.SuiteMethod.<init>(SuiteMethod.java:24)
	at org.junit.internal.builders.SuiteMethodBuilder.runnerForClass(SuiteMethodBuilder.java:11)
	at org.junit.runners.model.RunnerBuilder.safeRunnerForClass(RunnerBuilder.java:59)
	at org.junit.internal.builders.AllDefaultPossibilitiesBuilder.runnerForClass(AllDefaultPossibilitiesBuilder.java:26)
	at org.junit.runners.model.RunnerBuilder.safeRunnerForClass(RunnerBuilder.java:59)
	at org.junit.internal.requests.ClassRequest.getRunner(ClassRequest.java:33)
	at org.apache.maven.surefire.junit4.JUnit4Provider.execute(JUnit4Provider.java:362)
	at org.apache.maven.surefire.junit4.JUnit4Provider.executeWithRerun(JUnit4Provider.java:272)
	at org.apache.maven.surefire.junit4.JUnit4Provider.executeTestSet(JUnit4Provider.java:236)
	at org.apache.maven.surefire.junit4.JUnit4Provider.invoke(JUnit4Provider.java:159)
	at org.apache.maven.surefire.booter.ForkedBooter.invokeProviderInSameClassLoader(ForkedBooter.java:386)
	at org.apache.maven.surefire.booter.ForkedBooter.runSuitesInProcess(ForkedBooter.java:323)
	at org.apache.maven.surefire.booter.ForkedBooter.main(ForkedBooter.java:143)
Caused by: java.lang.IllegalStateException: org.slf4j.LoggerFactory in failed state. Original exception was thrown EARLIER. See also http://www.slf4j.org/codes.html#unsuccessfulInit
	at org.slf4j.LoggerFactory.getILoggerFactory(LoggerFactory.java:422)
	at org.slf4j.LoggerFactory.getLogger(LoggerFactory.java:357)
	at org.apache.commons.logging.impl.SLF4JLogFactory.getInstance(SLF4JLogFactory.java:155)
	at org.apache.commons.logging.impl.SLF4JLogFactory.getInstance(SLF4JLogFactory.java:132)
	at org.apache.commons.logging.LogFactory.getLog(LogFactory.java:655)
	at org.apache.commons.beanutils.ConvertUtilsBean.<init>(ConvertUtilsBean.java:157)
	at org.kohsuke.stapler.Stapler.<clinit>(Stapler.java:1080)
	... 34 more
]]></error>
    <system-out><![CDATA[Running tests for com.inflectra.spiratest.plugins:inflectra-spira-integration:3.2.7-SNAPSHOT
]]></system-out>
    <system-err><![CDATA[SLF4J: Class path contains multiple SLF4J bindings.
SLF4J: Found binding in [jar:file:/C:/Users/Administrator/.m2/repository/org/slf4j/slf4j-nop/1.5.3/slf4j-nop-1.5.3.jar!/org/slf4j/impl/StaticLoggerBinder.class]
SLF4J: Found binding in [jar:file:/C:/Users/Administrator/.m2/repository/org/slf4j/slf4j-jdk14/1.7.25/slf4j-jdk14-1.7.25.jar!/org/slf4j/impl/StaticLoggerBinder.class]
SLF4J: See http://www.slf4j.org/codes.html#multiple_bindings for an explanation.
SLF4J: slf4j-api 1.6.x (or later) is incompatible with this binding.
SLF4J: Your binding is version 1.5.5 or earlier.
SLF4J: Upgrade your binding to version 1.6.x.
2022-01-07 20:04:14.661:INFO::main: Logging initialized @598ms to org.eclipse.jetty.util.log.StdErrLog
Jan 07, 2022 8:04:15 PM jenkins.model.Jenkins <clinit>
SEVERE: Failed to load Jenkins.class
java.lang.ExceptionInInitializerError
	at hudson.model.Node$Mode.<clinit>(Node.java:551)
	at sun.reflect.NativeMethodAccessorImpl.invoke0(Native Method)
	at sun.reflect.NativeMethodAccessorImpl.invoke(NativeMethodAccessorImpl.java:62)
	at sun.reflect.DelegatingMethodAccessorImpl.invoke(DelegatingMethodAccessorImpl.java:43)
	at java.lang.reflect.Method.invoke(Method.java:498)
	at java.lang.Class.getEnumConstantsShared(Class.java:3320)
	at java.lang.Class.getEnumConstants(Class.java:3297)
	at jenkins.model.Jenkins.<clinit>(Jenkins.java:4805)
	at hudson.PluginManager.<clinit>(PluginManager.java:1837)
	at org.jvnet.hudson.test.HudsonTestCase.<init>(HudsonTestCase.java:253)
	at org.jvnet.hudson.test.JellyTestSuiteBuilder$JellyTestSuite$1.<init>(JellyTestSuiteBuilder.java:139)
	at org.jvnet.hudson.test.JellyTestSuiteBuilder$JellyTestSuite.<init>(JellyTestSuiteBuilder.java:139)
	at org.jvnet.hudson.test.JellyTestSuiteBuilder$JellyTestSuite.<init>(JellyTestSuiteBuilder.java:138)
	at org.jvnet.hudson.test.JellyTestSuiteBuilder.build(JellyTestSuiteBuilder.java:80)
	at org.jvnet.hudson.test.PluginAutomaticTestBuilder.build(PluginAutomaticTestBuilder.java:63)
	at InjectedTest.suite(InjectedTest.java:17)
	at sun.reflect.NativeMethodAccessorImpl.invoke0(Native Method)
	at sun.reflect.NativeMethodAccessorImpl.invoke(NativeMethodAccessorImpl.java:62)
	at sun.reflect.DelegatingMethodAccessorImpl.invoke(DelegatingMethodAccessorImpl.java:43)
	at java.lang.reflect.Method.invoke(Method.java:498)
	at org.junit.internal.runners.SuiteMethod.testFromSuiteMethod(SuiteMethod.java:35)
	at org.junit.internal.runners.SuiteMethod.<init>(SuiteMethod.java:24)
	at org.junit.internal.builders.SuiteMethodBuilder.runnerForClass(SuiteMethodBuilder.java:11)
	at org.junit.runners.model.RunnerBuilder.safeRunnerForClass(RunnerBuilder.java:59)
	at org.junit.internal.builders.AllDefaultPossibilitiesBuilder.runnerForClass(AllDefaultPossibilitiesBuilder.java:26)
	at org.junit.runners.model.RunnerBuilder.safeRunnerForClass(RunnerBuilder.java:59)
	at org.junit.internal.requests.ClassRequest.getRunner(ClassRequest.java:33)
	at org.apache.maven.surefire.junit4.JUnit4Provider.execute(JUnit4Provider.java:362)
	at org.apache.maven.surefire.junit4.JUnit4Provider.executeWithRerun(JUnit4Provider.java:272)
	at org.apache.maven.surefire.junit4.JUnit4Provider.executeTestSet(JUnit4Provider.java:236)
	at org.apache.maven.surefire.junit4.JUnit4Provider.invoke(JUnit4Provider.java:159)
	at org.apache.maven.surefire.booter.ForkedBooter.invokeProviderInSameClassLoader(ForkedBooter.java:386)
	at org.apache.maven.surefire.booter.ForkedBooter.runSuitesInProcess(ForkedBooter.java:323)
	at org.apache.maven.surefire.booter.ForkedBooter.main(ForkedBooter.java:143)
Caused by: java.lang.IllegalStateException: org.slf4j.LoggerFactory in failed state. Original exception was thrown EARLIER. See also http://www.slf4j.org/codes.html#unsuccessfulInit
	at org.slf4j.LoggerFactory.getILoggerFactory(LoggerFactory.java:422)
	at org.slf4j.LoggerFactory.getLogger(LoggerFactory.java:357)
	at org.apache.commons.logging.impl.SLF4JLogFactory.getInstance(SLF4JLogFactory.java:155)
	at org.apache.commons.logging.impl.SLF4JLogFactory.getInstance(SLF4JLogFactory.java:132)
	at org.apache.commons.logging.LogFactory.getLog(LogFactory.java:655)
	at org.apache.commons.beanutils.ConvertUtilsBean.<init>(ConvertUtilsBean.java:157)
	at org.kohsuke.stapler.Stapler.<clinit>(Stapler.java:1080)
	... 34 more

]]></system-err>
    <rerunError message="Could not initialize class org.jvnet.hudson.test.TestPluginManager" type="java.lang.NoClassDefFoundError"><![CDATA[java.lang.NoClassDefFoundError: Could not initialize class org.jvnet.hudson.test.TestPluginManager
	at org.jvnet.hudson.test.HudsonTestCase.<init>(HudsonTestCase.java:253)
	at org.jvnet.hudson.test.JellyTestSuiteBuilder$JellyTestSuite$1.<init>(JellyTestSuiteBuilder.java:139)
	at org.jvnet.hudson.test.JellyTestSuiteBuilder$JellyTestSuite.<init>(JellyTestSuiteBuilder.java:139)
	at org.jvnet.hudson.test.JellyTestSuiteBuilder$JellyTestSuite.<init>(JellyTestSuiteBuilder.java:138)
	at org.jvnet.hudson.test.JellyTestSuiteBuilder.build(JellyTestSuiteBuilder.java:80)
	at org.jvnet.hudson.test.PluginAutomaticTestBuilder.build(PluginAutomaticTestBuilder.java:63)
	at InjectedTest.suite(InjectedTest.java:17)
	at sun.reflect.NativeMethodAccessorImpl.invoke0(Native Method)
	at sun.reflect.NativeMethodAccessorImpl.invoke(NativeMethodAccessorImpl.java:62)
	at sun.reflect.DelegatingMethodAccessorImpl.invoke(DelegatingMethodAccessorImpl.java:43)
	at java.lang.reflect.Method.invoke(Method.java:498)
	at org.junit.internal.runners.SuiteMethod.testFromSuiteMethod(SuiteMethod.java:35)
	at org.junit.internal.runners.SuiteMethod.<init>(SuiteMethod.java:24)
	at org.junit.internal.builders.SuiteMethodBuilder.runnerForClass(SuiteMethodBuilder.java:11)
	at org.junit.runners.model.RunnerBuilder.safeRunnerForClass(RunnerBuilder.java:59)
	at org.junit.internal.builders.AllDefaultPossibilitiesBuilder.runnerForClass(AllDefaultPossibilitiesBuilder.java:26)
	at org.junit.runners.model.RunnerBuilder.safeRunnerForClass(RunnerBuilder.java:59)
	at org.junit.internal.requests.ClassRequest.getRunner(ClassRequest.java:33)
	at org.junit.internal.requests.FilterRequest.getRunner(FilterRequest.java:36)
	at org.apache.maven.surefire.junit4.JUnit4Provider.executeFailedMethod(JUnit4Provider.java:379)
	at org.apache.maven.surefire.junit4.JUnit4Provider.executeWithRerun(JUnit4Provider.java:290)
	at org.apache.maven.surefire.junit4.JUnit4Provider.executeTestSet(JUnit4Provider.java:236)
	at org.apache.maven.surefire.junit4.JUnit4Provider.invoke(JUnit4Provider.java:159)
	at org.apache.maven.surefire.booter.ForkedBooter.invokeProviderInSameClassLoader(ForkedBooter.java:386)
	at org.apache.maven.surefire.booter.ForkedBooter.runSuitesInProcess(ForkedBooter.java:323)
	at org.apache.maven.surefire.booter.ForkedBooter.main(ForkedBooter.java:143)
]]>
      <system-out><![CDATA[Running tests for com.inflectra.spiratest.plugins:inflectra-spira-integration:3.2.7-SNAPSHOT
]]></system-out>
    </rerunError>
    <rerunError message="Could not initialize class org.jvnet.hudson.test.TestPluginManager" type="java.lang.NoClassDefFoundError"><![CDATA[java.lang.NoClassDefFoundError: Could not initialize class org.jvnet.hudson.test.TestPluginManager
	at org.jvnet.hudson.test.HudsonTestCase.<init>(HudsonTestCase.java:253)
	at org.jvnet.hudson.test.JellyTestSuiteBuilder$JellyTestSuite$1.<init>(JellyTestSuiteBuilder.java:139)
	at org.jvnet.hudson.test.JellyTestSuiteBuilder$JellyTestSuite.<init>(JellyTestSuiteBuilder.java:139)
	at org.jvnet.hudson.test.JellyTestSuiteBuilder$JellyTestSuite.<init>(JellyTestSuiteBuilder.java:138)
	at org.jvnet.hudson.test.JellyTestSuiteBuilder.build(JellyTestSuiteBuilder.java:80)
	at org.jvnet.hudson.test.PluginAutomaticTestBuilder.build(PluginAutomaticTestBuilder.java:63)
	at InjectedTest.suite(InjectedTest.java:17)
	at sun.reflect.NativeMethodAccessorImpl.invoke0(Native Method)
	at sun.reflect.NativeMethodAccessorImpl.invoke(NativeMethodAccessorImpl.java:62)
	at sun.reflect.DelegatingMethodAccessorImpl.invoke(DelegatingMethodAccessorImpl.java:43)
	at java.lang.reflect.Method.invoke(Method.java:498)
	at org.junit.internal.runners.SuiteMethod.testFromSuiteMethod(SuiteMethod.java:35)
	at org.junit.internal.runners.SuiteMethod.<init>(SuiteMethod.java:24)
	at org.junit.internal.builders.SuiteMethodBuilder.runnerForClass(SuiteMethodBuilder.java:11)
	at org.junit.runners.model.RunnerBuilder.safeRunnerForClass(RunnerBuilder.java:59)
	at org.junit.internal.builders.AllDefaultPossibilitiesBuilder.runnerForClass(AllDefaultPossibilitiesBuilder.java:26)
	at org.junit.runners.model.RunnerBuilder.safeRunnerForClass(RunnerBuilder.java:59)
	at org.junit.internal.requests.ClassRequest.getRunner(ClassRequest.java:33)
	at org.junit.internal.requests.FilterRequest.getRunner(FilterRequest.java:36)
	at org.apache.maven.surefire.junit4.JUnit4Provider.executeFailedMethod(JUnit4Provider.java:379)
	at org.apache.maven.surefire.junit4.JUnit4Provider.executeWithRerun(JUnit4Provider.java:290)
	at org.apache.maven.surefire.junit4.JUnit4Provider.executeTestSet(JUnit4Provider.java:236)
	at org.apache.maven.surefire.junit4.JUnit4Provider.invoke(JUnit4Provider.java:159)
	at org.apache.maven.surefire.booter.ForkedBooter.invokeProviderInSameClassLoader(ForkedBooter.java:386)
	at org.apache.maven.surefire.booter.ForkedBooter.runSuitesInProcess(ForkedBooter.java:323)
	at org.apache.maven.surefire.booter.ForkedBooter.main(ForkedBooter.java:143)
]]>
      <system-out><![CDATA[Running tests for com.inflectra.spiratest.plugins:inflectra-spira-integration:3.2.7-SNAPSHOT
]]></system-out>
    </rerunError>
    <rerunError message="Could not initialize class org.jvnet.hudson.test.TestPluginManager" type="java.lang.NoClassDefFoundError"><![CDATA[java.lang.NoClassDefFoundError: Could not initialize class org.jvnet.hudson.test.TestPluginManager
	at org.jvnet.hudson.test.HudsonTestCase.<init>(HudsonTestCase.java:253)
	at org.jvnet.hudson.test.JellyTestSuiteBuilder$JellyTestSuite$1.<init>(JellyTestSuiteBuilder.java:139)
	at org.jvnet.hudson.test.JellyTestSuiteBuilder$JellyTestSuite.<init>(JellyTestSuiteBuilder.java:139)
	at org.jvnet.hudson.test.JellyTestSuiteBuilder$JellyTestSuite.<init>(JellyTestSuiteBuilder.java:138)
	at org.jvnet.hudson.test.JellyTestSuiteBuilder.build(JellyTestSuiteBuilder.java:80)
	at org.jvnet.hudson.test.PluginAutomaticTestBuilder.build(PluginAutomaticTestBuilder.java:63)
	at InjectedTest.suite(InjectedTest.java:17)
	at sun.reflect.NativeMethodAccessorImpl.invoke0(Native Method)
	at sun.reflect.NativeMethodAccessorImpl.invoke(NativeMethodAccessorImpl.java:62)
	at sun.reflect.DelegatingMethodAccessorImpl.invoke(DelegatingMethodAccessorImpl.java:43)
	at java.lang.reflect.Method.invoke(Method.java:498)
	at org.junit.internal.runners.SuiteMethod.testFromSuiteMethod(SuiteMethod.java:35)
	at org.junit.internal.runners.SuiteMethod.<init>(SuiteMethod.java:24)
	at org.junit.internal.builders.SuiteMethodBuilder.runnerForClass(SuiteMethodBuilder.java:11)
	at org.junit.runners.model.RunnerBuilder.safeRunnerForClass(RunnerBuilder.java:59)
	at org.junit.internal.builders.AllDefaultPossibilitiesBuilder.runnerForClass(AllDefaultPossibilitiesBuilder.java:26)
	at org.junit.runners.model.RunnerBuilder.safeRunnerForClass(RunnerBuilder.java:59)
	at org.junit.internal.requests.ClassRequest.getRunner(ClassRequest.java:33)
	at org.junit.internal.requests.FilterRequest.getRunner(FilterRequest.java:36)
	at org.apache.maven.surefire.junit4.JUnit4Provider.executeFailedMethod(JUnit4Provider.java:379)
	at org.apache.maven.surefire.junit4.JUnit4Provider.executeWithRerun(JUnit4Provider.java:290)
	at org.apache.maven.surefire.junit4.JUnit4Provider.executeTestSet(JUnit4Provider.java:236)
	at org.apache.maven.surefire.junit4.JUnit4Provider.invoke(JUnit4Provider.java:159)
	at org.apache.maven.surefire.booter.ForkedBooter.invokeProviderInSameClassLoader(ForkedBooter.java:386)
	at org.apache.maven.surefire.booter.ForkedBooter.runSuitesInProcess(ForkedBooter.java:323)
	at org.apache.maven.surefire.booter.ForkedBooter.main(ForkedBooter.java:143)
]]>
      <system-out><![CDATA[Running tests for com.inflectra.spiratest.plugins:inflectra-spira-integration:3.2.7-SNAPSHOT
]]></system-out>
    </rerunError>
    <rerunError message="Could not initialize class org.jvnet.hudson.test.TestPluginManager" type="java.lang.NoClassDefFoundError"><![CDATA[java.lang.NoClassDefFoundError: Could not initialize class org.jvnet.hudson.test.TestPluginManager
	at org.jvnet.hudson.test.HudsonTestCase.<init>(HudsonTestCase.java:253)
	at org.jvnet.hudson.test.JellyTestSuiteBuilder$JellyTestSuite$1.<init>(JellyTestSuiteBuilder.java:139)
	at org.jvnet.hudson.test.JellyTestSuiteBuilder$JellyTestSuite.<init>(JellyTestSuiteBuilder.java:139)
	at org.jvnet.hudson.test.JellyTestSuiteBuilder$JellyTestSuite.<init>(JellyTestSuiteBuilder.java:138)
	at org.jvnet.hudson.test.JellyTestSuiteBuilder.build(JellyTestSuiteBuilder.java:80)
	at org.jvnet.hudson.test.PluginAutomaticTestBuilder.build(PluginAutomaticTestBuilder.java:63)
	at InjectedTest.suite(InjectedTest.java:17)
	at sun.reflect.NativeMethodAccessorImpl.invoke0(Native Method)
	at sun.reflect.NativeMethodAccessorImpl.invoke(NativeMethodAccessorImpl.java:62)
	at sun.reflect.DelegatingMethodAccessorImpl.invoke(DelegatingMethodAccessorImpl.java:43)
	at java.lang.reflect.Method.invoke(Method.java:498)
	at org.junit.internal.runners.SuiteMethod.testFromSuiteMethod(SuiteMethod.java:35)
	at org.junit.internal.runners.SuiteMethod.<init>(SuiteMethod.java:24)
	at org.junit.internal.builders.SuiteMethodBuilder.runnerForClass(SuiteMethodBuilder.java:11)
	at org.junit.runners.model.RunnerBuilder.safeRunnerForClass(RunnerBuilder.java:59)
	at org.junit.internal.builders.AllDefaultPossibilitiesBuilder.runnerForClass(AllDefaultPossibilitiesBuilder.java:26)
	at org.junit.runners.model.RunnerBuilder.safeRunnerForClass(RunnerBuilder.java:59)
	at org.junit.internal.requests.ClassRequest.getRunner(ClassRequest.java:33)
	at org.junit.internal.requests.FilterRequest.getRunner(FilterRequest.java:36)
	at org.apache.maven.surefire.junit4.JUnit4Provider.executeFailedMethod(JUnit4Provider.java:379)
	at org.apache.maven.surefire.junit4.JUnit4Provider.executeWithRerun(JUnit4Provider.java:290)
	at org.apache.maven.surefire.junit4.JUnit4Provider.executeTestSet(JUnit4Provider.java:236)
	at org.apache.maven.surefire.junit4.JUnit4Provider.invoke(JUnit4Provider.java:159)
	at org.apache.maven.surefire.booter.ForkedBooter.invokeProviderInSameClassLoader(ForkedBooter.java:386)
	at org.apache.maven.surefire.booter.ForkedBooter.runSuitesInProcess(ForkedBooter.java:323)
	at org.apache.maven.surefire.booter.ForkedBooter.main(ForkedBooter.java:143)
]]>
      <system-out><![CDATA[Running tests for com.inflectra.spiratest.plugins:inflectra-spira-integration:3.2.7-SNAPSHOT
]]></system-out>
    </rerunError>
  </testcase>
</testsuite>